{"level":"info","message":"Database connection has been established successfully.","timestamp":"2025-06-11T12:52:25.305Z"}
{"level":"info","message":"Database synced","timestamp":"2025-06-11T12:52:25.364Z"}
{"level":"info","message":"Server is running on port 5000","timestamp":"2025-06-11T12:52:25.366Z"}
{"email":"testing@gmail.com","level":"info","message":"Login attempt:","timestamp":"2025-06-11T12:54:35.995Z"}
{"found":true,"level":"info","message":"User found:","timestamp":"2025-06-11T12:54:36.001Z","userEmail":"testing@gmail.com","userId":"e84f2d72-c5eb-4bf6-836e-b2460170a724","userRole":"user"}
{"isValid":true,"level":"info","message":"Password validation:","timestamp":"2025-06-11T12:54:36.077Z"}
{"level":"info","message":"Login successful:","timestamp":"2025-06-11T12:54:36.080Z","userId":"e84f2d72-c5eb-4bf6-836e-b2460170a724"}
{"level":"info","message":"Database connection has been established successfully.","timestamp":"2025-06-11T16:00:35.693Z"}
{"level":"info","message":"Database synced","timestamp":"2025-06-11T16:00:35.760Z"}
{"level":"info","message":"Server is running on port 5000","timestamp":"2025-06-11T16:00:35.762Z"}
{"email":"testing@gmail.com","level":"info","message":"Login attempt:","timestamp":"2025-06-11T16:00:39.326Z"}
{"found":true,"level":"info","message":"User found:","timestamp":"2025-06-11T16:00:39.332Z","userEmail":"testing@gmail.com","userId":"e84f2d72-c5eb-4bf6-836e-b2460170a724","userRole":"user"}
{"isValid":true,"level":"info","message":"Password validation:","timestamp":"2025-06-11T16:00:39.402Z"}
{"level":"info","message":"Login successful:","timestamp":"2025-06-11T16:00:39.405Z","userId":"e84f2d72-c5eb-4bf6-836e-b2460170a724"}
{"email":"satu@gmail.com","level":"info","message":"Registering user:","timestamp":"2025-06-11T16:00:59.137Z","username":"satu"}
{"email":"satu@gmail.com","level":"info","message":"Login attempt:","timestamp":"2025-06-11T16:01:06.433Z"}
{"found":true,"level":"info","message":"User found:","timestamp":"2025-06-11T16:01:06.437Z","userEmail":"satu@gmail.com","userId":"7d5e093c-214a-4beb-9b70-ed1d3e80e3c9","userRole":"user"}
{"isValid":false,"level":"info","message":"Password validation:","timestamp":"2025-06-11T16:01:06.511Z"}
{"level":"warn","message":"Login failed: Invalid password","timestamp":"2025-06-11T16:01:06.512Z"}
{"isOperational":true,"level":"error","message":"Login error: Invalid credentials","stack":"Error: Invalid credentials\n    at C:\\Users\\habib\\OneDrive\\Documents\\dessi project\\be-jhop\\src\\controllers\\userController.ts:77:13\n    at Generator.next (<anonymous>)\n    at fulfilled (C:\\Users\\habib\\OneDrive\\Documents\\dessi project\\be-jhop\\src\\controllers\\userController.ts:5:58)","statusCode":401,"timestamp":"2025-06-11T16:01:06.516Z"}
{"isOperational":true,"level":"error","message":"Unhandled error: Invalid credentials","stack":"Error: Invalid credentials\n    at C:\\Users\\habib\\OneDrive\\Documents\\dessi project\\be-jhop\\src\\controllers\\userController.ts:77:13\n    at Generator.next (<anonymous>)\n    at fulfilled (C:\\Users\\habib\\OneDrive\\Documents\\dessi project\\be-jhop\\src\\controllers\\userController.ts:5:58)","statusCode":401,"timestamp":"2025-06-11T16:01:06.517Z"}
{"level":"info","message":"Database connection has been established successfully.","timestamp":"2025-06-11T16:04:00.840Z"}
{"level":"info","message":"Database synced","timestamp":"2025-06-11T16:04:00.912Z"}
{"level":"info","message":"Server is running on port 5000","timestamp":"2025-06-11T16:04:00.914Z"}
{"level":"info","message":"Database connection has been established successfully.","timestamp":"2025-06-11T16:04:19.186Z"}
{"level":"info","message":"Database synced","timestamp":"2025-06-11T16:04:19.252Z"}
{"level":"info","message":"Server is running on port 5000","timestamp":"2025-06-11T16:04:19.254Z"}
{"level":"info","message":"Database connection has been established successfully.","timestamp":"2025-06-11T16:06:02.129Z"}
{"level":"info","message":"Database synced","timestamp":"2025-06-11T16:06:02.214Z"}
{"level":"info","message":"Server is running on port 5000","timestamp":"2025-06-11T16:06:02.217Z"}
{"email":"satu@gmail.com","level":"info","message":"Login attempt:","timestamp":"2025-06-11T16:06:10.608Z"}
{"level":"warn","message":"Login failed: Password mismatch","timestamp":"2025-06-11T16:06:10.710Z","userId":"7d5e093c-214a-4beb-9b70-ed1d3e80e3c9"}
{"error":"Invalid credentials","level":"error","message":"Login error","stack":"Error: Invalid credentials\n    at C:\\Users\\habib\\OneDrive\\Documents\\dessi project\\be-jhop\\src\\controllers\\userController.ts:69:13\n    at Generator.next (<anonymous>)\n    at fulfilled (C:\\Users\\habib\\OneDrive\\Documents\\dessi project\\be-jhop\\src\\controllers\\userController.ts:5:58)","timestamp":"2025-06-11T16:06:10.713Z"}
{"isOperational":true,"level":"error","message":"Unhandled error: Invalid credentials","stack":"Error: Invalid credentials\n    at C:\\Users\\habib\\OneDrive\\Documents\\dessi project\\be-jhop\\src\\controllers\\userController.ts:69:13\n    at Generator.next (<anonymous>)\n    at fulfilled (C:\\Users\\habib\\OneDrive\\Documents\\dessi project\\be-jhop\\src\\controllers\\userController.ts:5:58)","statusCode":401,"timestamp":"2025-06-11T16:06:10.714Z"}
{"email":"satu@gmail.com","level":"info","message":"Login attempt:","timestamp":"2025-06-11T16:06:11.179Z"}
{"level":"warn","message":"Login failed: Password mismatch","timestamp":"2025-06-11T16:06:11.254Z","userId":"7d5e093c-214a-4beb-9b70-ed1d3e80e3c9"}
{"error":"Invalid credentials","level":"error","message":"Login error","stack":"Error: Invalid credentials\n    at C:\\Users\\habib\\OneDrive\\Documents\\dessi project\\be-jhop\\src\\controllers\\userController.ts:69:13\n    at Generator.next (<anonymous>)\n    at fulfilled (C:\\Users\\habib\\OneDrive\\Documents\\dessi project\\be-jhop\\src\\controllers\\userController.ts:5:58)","timestamp":"2025-06-11T16:06:11.255Z"}
{"isOperational":true,"level":"error","message":"Unhandled error: Invalid credentials","stack":"Error: Invalid credentials\n    at C:\\Users\\habib\\OneDrive\\Documents\\dessi project\\be-jhop\\src\\controllers\\userController.ts:69:13\n    at Generator.next (<anonymous>)\n    at fulfilled (C:\\Users\\habib\\OneDrive\\Documents\\dessi project\\be-jhop\\src\\controllers\\userController.ts:5:58)","statusCode":401,"timestamp":"2025-06-11T16:06:11.256Z"}
{"email":"satu@gmail.com","level":"info","message":"Login attempt:","timestamp":"2025-06-11T16:06:19.804Z"}
{"level":"warn","message":"Login failed: Password mismatch","timestamp":"2025-06-11T16:06:19.907Z","userId":"7d5e093c-214a-4beb-9b70-ed1d3e80e3c9"}
{"error":"Invalid credentials","level":"error","message":"Login error","stack":"Error: Invalid credentials\n    at C:\\Users\\habib\\OneDrive\\Documents\\dessi project\\be-jhop\\src\\controllers\\userController.ts:69:13\n    at Generator.next (<anonymous>)\n    at fulfilled (C:\\Users\\habib\\OneDrive\\Documents\\dessi project\\be-jhop\\src\\controllers\\userController.ts:5:58)","timestamp":"2025-06-11T16:06:19.908Z"}
{"isOperational":true,"level":"error","message":"Unhandled error: Invalid credentials","stack":"Error: Invalid credentials\n    at C:\\Users\\habib\\OneDrive\\Documents\\dessi project\\be-jhop\\src\\controllers\\userController.ts:69:13\n    at Generator.next (<anonymous>)\n    at fulfilled (C:\\Users\\habib\\OneDrive\\Documents\\dessi project\\be-jhop\\src\\controllers\\userController.ts:5:58)","statusCode":401,"timestamp":"2025-06-11T16:06:19.909Z"}
{"email":"satu@gmail.com","level":"info","message":"Registering user:","timestamp":"2025-06-11T16:06:35.441Z","username":"satuduatiga"}
{"isOperational":true,"level":"error","message":"Registration error: User with this email or username already exists","stack":"Error: User with this email or username already exists\n    at UserService.<anonymous> (C:\\Users\\habib\\OneDrive\\Documents\\dessi project\\be-jhop\\src\\services\\userService.ts:33:13)\n    at Generator.next (<anonymous>)\n    at fulfilled (C:\\Users\\habib\\OneDrive\\Documents\\dessi project\\be-jhop\\src\\services\\userService.ts:38:58)\n    at processTicksAndRejections (node:internal/process/task_queues:105:5)","statusCode":400,"timestamp":"2025-06-11T16:06:35.450Z"}
{"isOperational":true,"level":"error","message":"Unhandled error: User with this email or username already exists","stack":"Error: User with this email or username already exists\n    at UserService.<anonymous> (C:\\Users\\habib\\OneDrive\\Documents\\dessi project\\be-jhop\\src\\services\\userService.ts:33:13)\n    at Generator.next (<anonymous>)\n    at fulfilled (C:\\Users\\habib\\OneDrive\\Documents\\dessi project\\be-jhop\\src\\services\\userService.ts:38:58)\n    at processTicksAndRejections (node:internal/process/task_queues:105:5)","statusCode":400,"timestamp":"2025-06-11T16:06:35.451Z"}
{"level":"info","message":"Database connection has been established successfully.","timestamp":"2025-06-11T16:10:53.168Z"}
{"level":"info","message":"Database synced","timestamp":"2025-06-11T16:10:53.251Z"}
{"level":"info","message":"Server is running on port 5000","timestamp":"2025-06-11T16:10:53.253Z"}
{"email":"testing@gmail.com","level":"info","message":"Login attempt:","timestamp":"2025-06-11T16:11:04.467Z"}
{"found":true,"level":"info","message":"User found:","timestamp":"2025-06-11T16:11:04.481Z","userEmail":"testing@gmail.com","userId":"e84f2d72-c5eb-4bf6-836e-b2460170a724","userRole":"user"}
{"isValid":true,"level":"info","message":"Password validation:","timestamp":"2025-06-11T16:11:04.563Z"}
{"level":"info","message":"Login successful:","timestamp":"2025-06-11T16:11:04.566Z","userId":"e84f2d72-c5eb-4bf6-836e-b2460170a724"}
{"level":"info","message":"Database connection has been established successfully.","timestamp":"2025-06-11T16:11:36.666Z"}
{"level":"info","message":"Database synced","timestamp":"2025-06-11T16:11:36.726Z"}
{"level":"info","message":"Server is running on port 5000","timestamp":"2025-06-11T16:11:36.728Z"}
{"email":"dua@gmail.com","level":"info","message":"Registering user:","timestamp":"2025-06-11T16:12:19.940Z","username":"dua"}
{"email":"dua@gmail.com","level":"info","message":"Login attempt:","timestamp":"2025-06-11T16:12:28.242Z"}
{"found":true,"level":"info","message":"User found:","timestamp":"2025-06-11T16:12:28.245Z","userEmail":"dua@gmail.com","userId":"9f232254-2fe4-4374-8bd9-446f95ebe02a","userRole":"user"}
{"isValid":false,"level":"info","message":"Password validation:","timestamp":"2025-06-11T16:12:28.321Z"}
{"level":"warn","message":"Login failed: Invalid password","timestamp":"2025-06-11T16:12:28.322Z"}
{"isOperational":true,"level":"error","message":"Login error: Invalid credentials","stack":"Error: Invalid credentials\n    at C:\\Users\\habib\\OneDrive\\Documents\\dessi project\\be-jhop\\src\\controllers\\userController.ts:77:13\n    at Generator.next (<anonymous>)\n    at fulfilled (C:\\Users\\habib\\OneDrive\\Documents\\dessi project\\be-jhop\\src\\controllers\\userController.ts:5:58)","statusCode":401,"timestamp":"2025-06-11T16:12:28.325Z"}
{"isOperational":true,"level":"error","message":"Unhandled error: Invalid credentials","stack":"Error: Invalid credentials\n    at C:\\Users\\habib\\OneDrive\\Documents\\dessi project\\be-jhop\\src\\controllers\\userController.ts:77:13\n    at Generator.next (<anonymous>)\n    at fulfilled (C:\\Users\\habib\\OneDrive\\Documents\\dessi project\\be-jhop\\src\\controllers\\userController.ts:5:58)","statusCode":401,"timestamp":"2025-06-11T16:12:28.329Z"}
{"level":"info","message":"Database connection has been established successfully.","timestamp":"2025-06-11T16:34:28.338Z"}
{"level":"info","message":"Database synced","timestamp":"2025-06-11T16:34:28.390Z"}
{"level":"info","message":"Server is running on port 5000","timestamp":"2025-06-11T16:34:28.392Z"}
{"email":"empat@gmail.com","level":"info","message":"Registering user:","timestamp":"2025-06-11T16:38:10.730Z","username":"empat"}
{"email":"empat@gmail.com","level":"info","message":"Login attempt:","timestamp":"2025-06-11T16:38:18.773Z"}
{"found":true,"level":"info","message":"User found:","timestamp":"2025-06-11T16:38:18.778Z","userEmail":"empat@gmail.com","userId":"49319223-dccf-41b6-adac-10facf1bcfcf","userRole":"user"}
{"isValid":false,"level":"info","message":"Password validation:","timestamp":"2025-06-11T16:38:18.859Z"}
{"level":"warn","message":"Login failed: Invalid password","timestamp":"2025-06-11T16:38:18.860Z"}
{"isOperational":true,"level":"error","message":"Login error: Invalid credentials","stack":"Error: Invalid credentials\n    at C:\\Users\\habib\\OneDrive\\Documents\\dessi project\\be-jhop\\src\\controllers\\userController.ts:77:13\n    at Generator.next (<anonymous>)\n    at fulfilled (C:\\Users\\habib\\OneDrive\\Documents\\dessi project\\be-jhop\\src\\controllers\\userController.ts:5:58)","statusCode":401,"timestamp":"2025-06-11T16:38:18.863Z"}
{"isOperational":true,"level":"error","message":"Unhandled error: Invalid credentials","stack":"Error: Invalid credentials\n    at C:\\Users\\habib\\OneDrive\\Documents\\dessi project\\be-jhop\\src\\controllers\\userController.ts:77:13\n    at Generator.next (<anonymous>)\n    at fulfilled (C:\\Users\\habib\\OneDrive\\Documents\\dessi project\\be-jhop\\src\\controllers\\userController.ts:5:58)","statusCode":401,"timestamp":"2025-06-11T16:38:18.866Z"}
{"level":"info","message":"Database connection has been established successfully.","timestamp":"2025-06-11T16:41:46.507Z"}
{"level":"info","message":"Database synced","timestamp":"2025-06-11T16:41:46.581Z"}
{"level":"info","message":"Server is running on port 5000","timestamp":"2025-06-11T16:41:46.584Z"}
{"level":"info","message":"Database connection has been established successfully.","timestamp":"2025-06-11T16:43:05.187Z"}
{"level":"info","message":"Database synced","timestamp":"2025-06-11T16:43:05.253Z"}
{"level":"info","message":"Server is running on port 5000","timestamp":"2025-06-11T16:43:05.256Z"}
{"level":"info","message":"Database connection has been established successfully.","timestamp":"2025-06-11T16:43:50.597Z"}
{"level":"info","message":"Database synced","timestamp":"2025-06-11T16:43:50.675Z"}
{"level":"info","message":"Server is running on port 5000","timestamp":"2025-06-11T16:43:50.677Z"}
{"level":"info","message":"Database connection has been established successfully.","timestamp":"2025-06-11T16:43:55.248Z"}
{"level":"info","message":"Database synced","timestamp":"2025-06-11T16:43:55.314Z"}
{"level":"info","message":"Server is running on port 5000","timestamp":"2025-06-11T16:43:55.316Z"}
{"email":"empat@gmail.com","level":"info","message":"Login attempt:","timestamp":"2025-06-11T16:43:59.330Z"}
{"isValid":false,"level":"info","message":"Password validation:","timestamp":"2025-06-11T16:43:59.418Z"}
{"inputPassword":"woy123","level":"warn","message":"Login failed: Invalid password","storedHash":"$2a$10$EYx4V2TKR37nmZbXP.ZTUOSVPvmOQ0yQRhce6TGz4o2sqmGfvSlgu","timestamp":"2025-06-11T16:43:59.419Z","userId":"49319223-dccf-41b6-adac-10facf1bcfcf"}
{"isOperational":true,"level":"error","message":"Login error: Invalid credentials","stack":"Error: Invalid credentials\n    at C:\\Users\\habib\\OneDrive\\Documents\\dessi project\\be-jhop\\src\\controllers\\userController.ts:70:13\n    at Generator.next (<anonymous>)\n    at fulfilled (C:\\Users\\habib\\OneDrive\\Documents\\dessi project\\be-jhop\\src\\controllers\\userController.ts:5:58)","statusCode":401,"timestamp":"2025-06-11T16:43:59.423Z"}
{"isOperational":true,"level":"error","message":"Unhandled error: Invalid credentials","stack":"Error: Invalid credentials\n    at C:\\Users\\habib\\OneDrive\\Documents\\dessi project\\be-jhop\\src\\controllers\\userController.ts:70:13\n    at Generator.next (<anonymous>)\n    at fulfilled (C:\\Users\\habib\\OneDrive\\Documents\\dessi project\\be-jhop\\src\\controllers\\userController.ts:5:58)","statusCode":401,"timestamp":"2025-06-11T16:43:59.425Z"}
{"email":"empat2@gmail.com","level":"info","message":"Registering user:","timestamp":"2025-06-11T16:44:13.743Z","username":"empat2"}
{"email":"empat2@gmail.com","level":"info","message":"Login attempt:","timestamp":"2025-06-11T16:44:33.267Z"}
{"isValid":false,"level":"info","message":"Password validation:","timestamp":"2025-06-11T16:44:33.344Z"}
{"inputPassword":"woy123","level":"warn","message":"Login failed: Invalid password","storedHash":"$2a$10$.4L8E8sbZZTMfAMRT55eyORPkADbOKki58d9JjmbHO2MRlQB1O7Qe","timestamp":"2025-06-11T16:44:33.345Z","userId":"10654331-09aa-4d20-8394-7cf0766511eb"}
{"isOperational":true,"level":"error","message":"Login error: Invalid credentials","stack":"Error: Invalid credentials\n    at C:\\Users\\habib\\OneDrive\\Documents\\dessi project\\be-jhop\\src\\controllers\\userController.ts:70:13\n    at Generator.next (<anonymous>)\n    at fulfilled (C:\\Users\\habib\\OneDrive\\Documents\\dessi project\\be-jhop\\src\\controllers\\userController.ts:5:58)","statusCode":401,"timestamp":"2025-06-11T16:44:33.346Z"}
{"isOperational":true,"level":"error","message":"Unhandled error: Invalid credentials","stack":"Error: Invalid credentials\n    at C:\\Users\\habib\\OneDrive\\Documents\\dessi project\\be-jhop\\src\\controllers\\userController.ts:70:13\n    at Generator.next (<anonymous>)\n    at fulfilled (C:\\Users\\habib\\OneDrive\\Documents\\dessi project\\be-jhop\\src\\controllers\\userController.ts:5:58)","statusCode":401,"timestamp":"2025-06-11T16:44:33.348Z"}
{"level":"info","message":"Database connection has been established successfully.","timestamp":"2025-06-11T16:47:29.885Z"}
{"level":"info","message":"Database synced","timestamp":"2025-06-11T16:47:29.965Z"}
{"level":"info","message":"Server is running on port 5000","timestamp":"2025-06-11T16:47:29.968Z"}
{"level":"info","message":"Database connection has been established successfully.","timestamp":"2025-06-11T16:47:50.563Z"}
{"level":"info","message":"Database synced","timestamp":"2025-06-11T16:47:50.634Z"}
{"level":"info","message":"Server is running on port 5000","timestamp":"2025-06-11T16:47:50.636Z"}
{"level":"info","message":"Database connection has been established successfully.","timestamp":"2025-06-11T16:47:59.768Z"}
{"level":"info","message":"Database synced","timestamp":"2025-06-11T16:47:59.828Z"}
{"level":"info","message":"Server is running on port 5000","timestamp":"2025-06-11T16:47:59.830Z"}
{"level":"info","message":"Database connection has been established successfully.","timestamp":"2025-06-11T16:48:09.637Z"}
{"level":"info","message":"Database synced","timestamp":"2025-06-11T16:48:09.709Z"}
{"level":"info","message":"Server is running on port 5000","timestamp":"2025-06-11T16:48:09.712Z"}
{"email":"empat3@gmail.com","level":"info","message":"Registering user:","timestamp":"2025-06-11T16:49:47.624Z","username":"empat7"}
{"email":"empat3@gmail.com","level":"info","message":"Login attempt:","timestamp":"2025-06-11T16:49:54.802Z"}
{"isValid":false,"level":"info","message":"Password validation:","timestamp":"2025-06-11T16:49:54.880Z"}
{"inputPassword":"woy123","level":"warn","message":"Login failed: Invalid password","storedHash":"$2a$10$j.Klc.CP2DxDCT9BejzcK.YdJhsBJxbFVg7Gqdsdd.nxgFsDej782","timestamp":"2025-06-11T16:49:54.881Z","userId":"5d346bae-c396-45b6-a13b-5e264bcd4ca2"}
{"isOperational":true,"level":"error","message":"Login error: Invalid credentials","stack":"Error: Invalid credentials\n    at C:\\Users\\habib\\OneDrive\\Documents\\dessi project\\be-jhop\\src\\controllers\\userController.ts:70:13\n    at Generator.next (<anonymous>)\n    at fulfilled (C:\\Users\\habib\\OneDrive\\Documents\\dessi project\\be-jhop\\src\\controllers\\userController.ts:5:58)","statusCode":401,"timestamp":"2025-06-11T16:49:54.886Z"}
{"isOperational":true,"level":"error","message":"Unhandled error: Invalid credentials","stack":"Error: Invalid credentials\n    at C:\\Users\\habib\\OneDrive\\Documents\\dessi project\\be-jhop\\src\\controllers\\userController.ts:70:13\n    at Generator.next (<anonymous>)\n    at fulfilled (C:\\Users\\habib\\OneDrive\\Documents\\dessi project\\be-jhop\\src\\controllers\\userController.ts:5:58)","statusCode":401,"timestamp":"2025-06-11T16:49:54.887Z"}
{"email":"admin@example.com","level":"info","message":"Login attempt:","timestamp":"2025-06-11T16:50:53.351Z"}
{"isValid":true,"level":"info","message":"Password validation:","timestamp":"2025-06-11T16:50:53.440Z"}
{"level":"info","message":"Login successful:","timestamp":"2025-06-11T16:50:53.443Z","userId":"1"}
